[debug] [2026-07-11T16:47:17.782Z] ----------------------------------------------------------------------
[debug] [2026-07-11T16:47:17.783Z] Command:       C:\Program Files\nodejs\node.exe C:\Users\lfalz\AppData\Roaming\npm\node_modules\firebase-tools\lib\bin\firebase.js deploy --only firestore:rules --debug
[debug] [2026-07-11T16:47:17.783Z] CLI Version:   15.23.0
[debug] [2026-07-11T16:47:17.783Z] Platform:      win32
[debug] [2026-07-11T16:47:17.783Z] Node Version:  v24.13.0
[debug] [2026-07-11T16:47:17.784Z] Detected Agent: unknown
[debug] [2026-07-11T16:47:17.784Z] Time:          Sat Jul 11 2026 11:47:17 GMT-0500 (hora estándar de Colombia)
[debug] [2026-07-11T16:47:17.784Z] ----------------------------------------------------------------------
[debug] 
[debug] [2026-07-11T16:47:19.604Z] > command requires scopes: ["email","openid","https://www.googleapis.com/auth/cloudplatformprojects.readonly","https://www.googleapis.com/auth/firebase","https://www.googleapis.com/auth/cloud-platform"]
[debug] [2026-07-11T16:47:19.605Z] > authorizing via signed-in user (lfalzatel@gmail.com)
[debug] [2026-07-11T16:47:19.605Z] [iam] checking project evaluaseguro-31c51 for permissions ["datastore.indexes.create","datastore.indexes.delete","datastore.indexes.list","datastore.indexes.update","firebase.projects.get"]
[debug] [2026-07-11T16:47:19.616Z] Checked if tokens are valid: true, expires at: 1783789406794
[debug] [2026-07-11T16:47:19.617Z] Checked if tokens are valid: true, expires at: 1783789406794
[debug] [2026-07-11T16:47:19.618Z] >>> [apiv2][query] POST https://cloudresourcemanager.googleapis.com/v1/projects/evaluaseguro-31c51:testIamPermissions [none]
[debug] [2026-07-11T16:47:19.618Z] >>> [apiv2][(partial)header] POST https://cloudresourcemanager.googleapis.com/v1/projects/evaluaseguro-31c51:testIamPermissions  x-goog-user-project=evaluaseguro-31c51
[debug] [2026-07-11T16:47:19.618Z] >>> [apiv2][body] POST https://cloudresourcemanager.googleapis.com/v1/projects/evaluaseguro-31c51:testIamPermissions {"permissions":["datastore.indexes.create","datastore.indexes.delete","datastore.indexes.list","datastore.indexes.update","firebase.projects.get"]}
[debug] [2026-07-11T16:47:20.115Z] <<< [apiv2][status] POST https://cloudresourcemanager.googleapis.com/v1/projects/evaluaseguro-31c51:testIamPermissions 200
[debug] [2026-07-11T16:47:20.125Z] <<< [apiv2][body] POST https://cloudresourcemanager.googleapis.com/v1/projects/evaluaseguro-31c51:testIamPermissions {"permissions":["datastore.indexes.create","datastore.indexes.delete","datastore.indexes.list","datastore.indexes.update","firebase.projects.get"]}
[info] 
[info] === Deploying to 'evaluaseguro-31c51'...
[info] 
[info] i  deploying firestore 
[info] i  firestore: ensuring required API firestore.googleapis.com is enabled... 
[info] i  firestore: ensuring required API firestore.googleapis.com is enabled... 
[debug] [2026-07-11T16:47:20.212Z] Checked if tokens are valid: true, expires at: 1783789406794
[debug] [2026-07-11T16:47:20.218Z] Checked if tokens are valid: true, expires at: 1783789406794
[debug] [2026-07-11T16:47:20.221Z] >>> [apiv2][query] GET https://firestore.googleapis.com/v1/projects/evaluaseguro-31c51/databases/(default) [none]
[debug] [2026-07-11T16:47:21.016Z] <<< [apiv2][status] GET https://firestore.googleapis.com/v1/projects/evaluaseguro-31c51/databases/(default) 200
[debug] [2026-07-11T16:47:21.016Z] <<< [apiv2][body] GET https://firestore.googleapis.com/v1/projects/evaluaseguro-31c51/databases/(default) {"name":"projects/evaluaseguro-31c51/databases/(default)","uid":"80b9c84c-e143-418f-95ad-16c1375c415b","createTime":"2026-07-10T20:43:53.195812Z","updateTime":"2026-07-10T20:43:53.195812Z","locationId":"nam5","type":"FIRESTORE_NATIVE","concurrencyMode":"PESSIMISTIC","versionRetentionPeriod":"3600s","earliestVersionTime":"2026-07-11T15:47:22.496408Z","appEngineIntegrationMode":"DISABLED","keyPrefix":"s","pointInTimeRecoveryEnablement":"POINT_IN_TIME_RECOVERY_DISABLED","deleteProtectionState":"DELETE_PROTECTION_DISABLED","databaseEdition":"STANDARD","freeTier":true,"realtimeUpdatesMode":"REALTIME_UPDATES_MODE_ENABLED","etag":"IOXV4OOJy5UDMNaB3tSayZUD"}
[info] i  cloud.firestore: checking firestore.rules for compilation errors... 
[debug] [2026-07-11T16:47:21.017Z] Checked if tokens are valid: true, expires at: 1783789406794
[debug] [2026-07-11T16:47:21.017Z] Checked if tokens are valid: true, expires at: 1783789406794
[debug] [2026-07-11T16:47:21.018Z] >>> [apiv2][query] POST https://firebaserules.googleapis.com/v1/projects/evaluaseguro-31c51:test [none]
[debug] [2026-07-11T16:47:21.018Z] >>> [apiv2][body] POST https://firebaserules.googleapis.com/v1/projects/evaluaseguro-31c51:test [omitted]
[debug] [2026-07-11T16:47:21.345Z] <<< [apiv2][status] POST https://firebaserules.googleapis.com/v1/projects/evaluaseguro-31c51:test 200
[debug] [2026-07-11T16:47:21.345Z] <<< [apiv2][body] POST https://firebaserules.googleapis.com/v1/projects/evaluaseguro-31c51:test {}
[info] +  cloud.firestore: rules file firestore.rules compiled successfully 
[debug] [2026-07-11T16:47:21.346Z] Checked if tokens are valid: true, expires at: 1783789406794
[debug] [2026-07-11T16:47:21.346Z] Checked if tokens are valid: true, expires at: 1783789406794
[debug] [2026-07-11T16:47:21.347Z] >>> [apiv2][query] GET https://firebaserules.googleapis.com/v1/projects/evaluaseguro-31c51/releases pageSize=10&pageToken=
[debug] [2026-07-11T16:47:21.521Z] <<< [apiv2][status] GET https://firebaserules.googleapis.com/v1/projects/evaluaseguro-31c51/releases 200
[debug] [2026-07-11T16:47:21.522Z] <<< [apiv2][body] GET https://firebaserules.googleapis.com/v1/projects/evaluaseguro-31c51/releases {"releases":[{"name":"projects/evaluaseguro-31c51/releases/cloud.firestore","rulesetName":"projects/evaluaseguro-31c51/rulesets/1320d150-3493-4373-b0e6-9631f20f2740","createTime":"2026-07-10T20:43:54.495437Z","updateTime":"2026-07-11T15:48:01.640426Z"}]}
[debug] [2026-07-11T16:47:21.522Z] Checked if tokens are valid: true, expires at: 1783789406794
[debug] [2026-07-11T16:47:21.522Z] Checked if tokens are valid: true, expires at: 1783789406794
[debug] [2026-07-11T16:47:21.522Z] >>> [apiv2][query] GET https://firebaserules.googleapis.com/v1/projects/evaluaseguro-31c51/rulesets/1320d150-3493-4373-b0e6-9631f20f2740 [none]
[debug] [2026-07-11T16:47:21.644Z] <<< [apiv2][status] GET https://firebaserules.googleapis.com/v1/projects/evaluaseguro-31c51/rulesets/1320d150-3493-4373-b0e6-9631f20f2740 200
[debug] [2026-07-11T16:47:21.644Z] <<< [apiv2][body] GET https://firebaserules.googleapis.com/v1/projects/evaluaseguro-31c51/rulesets/1320d150-3493-4373-b0e6-9631f20f2740 [omitted]
[info] i  firestore: uploading rules firestore.rules... 
[debug] [2026-07-11T16:47:21.645Z] Checked if tokens are valid: true, expires at: 1783789406794
[debug] [2026-07-11T16:47:21.646Z] Checked if tokens are valid: true, expires at: 1783789406794
[debug] [2026-07-11T16:47:21.646Z] >>> [apiv2][query] POST https://firebaserules.googleapis.com/v1/projects/evaluaseguro-31c51/rulesets [none]
[debug] [2026-07-11T16:47:21.646Z] >>> [apiv2][body] POST https://firebaserules.googleapis.com/v1/projects/evaluaseguro-31c51/rulesets [omitted]
[debug] [2026-07-11T16:47:21.978Z] <<< [apiv2][status] POST https://firebaserules.googleapis.com/v1/projects/evaluaseguro-31c51/rulesets 200
[debug] [2026-07-11T16:47:21.978Z] <<< [apiv2][body] POST https://firebaserules.googleapis.com/v1/projects/evaluaseguro-31c51/rulesets {"name":"projects/evaluaseguro-31c51/rulesets/5deece3f-4443-4eb7-a524-c3567c51c4d7","source":{"files":[{"content":"rules_version = '2';\nservice cloud.firestore {\n  match /databases/{database}/documents {\n\n    // ============================================\n    // HELPERS\n    // ============================================\n    function getRol() {\n      return get(/databases/$(database)/documents/usuarios/$(request.auth.uid)).data.rol;\n    }\n\n    function estaAutenticado() {\n      return request.auth != null;\n    }\n\n    function esAdmin() {\n      return estaAutenticado() && getRol() == 'admin';\n    }\n\n    function esProfesor() {\n      return estaAutenticado() && (getRol() == 'profesor' || getRol() == 'docente' || getRol() == 'DOCENTE' || getRol() == 'admin' || getRol() == 'ADMIN');\n    }\n\n    function esCreadorDelExamen(profesorId) {\n      return estaAutenticado() && request.auth.uid == profesorId;\n    }\n\n    // ============================================\n    // USUARIOS (roles: admin / profesor / estudiante / free)\n    // ============================================\n    match /usuarios/{userId} {\n      allow read: if estaAutenticado();\n\n      allow create: if request.auth.uid == userId; // el usuario se crea a sí mismo en el primer login\n\n      allow update: if request.auth.uid == userId\n                    || esAdmin()\n                    || (esProfesor() && request.resource.data.rol == 'estudiante');\n    }\n\n    // ============================================\n    // NOTIFICACIONES\n    // ============================================\n    match /notificaciones/{notifId} {\n      allow read: if estaAutenticado();\n      allow create: if esProfesor() || esAdmin();\n      allow update: if estaAutenticado();\n      allow delete: if esAdmin() || esProfesor();\n    }\n\n    // ============================================\n    // NOTAS\n    // ============================================\n    match /notas/{notaId} {\n      allow read, update, delete: if estaAutenticado() && request.auth.uid == resource.data.userId;\n      allow create: if estaAutenticado() && request.resource.data.userId == request.auth.uid;\n    }\n\n    // ============================================\n    // EXAMENES\n    // ============================================\n    match /examenes/{examenId} {\n      allow read: if estaAutenticado();\n\n      // Crear examen: solo profesor/admin, y el documento debe traer los\n      // campos mínimos con tipos y rangos válidos (Fase 3).\n      allow create: if (esProfesor() || esAdmin())\n                    && request.resource.data.profesorId == request.auth.uid\n                    && request.resource.data.titulo is string\n                    && request.resource.data.titulo.size() > 0\n                    && request.resource.data.titulo.size() <= 120\n                    && request.resource.data.grupoId is string\n                    && request.resource.data.bancoPreguntas in ['quizData', 'quizData2', 'quizData3']\n                    && request.resource.data.estado == 'inactivo'   // todo examen nace inactivo\n                    && (\n                         !('numPreguntas' in request.resource.data)\n                         || request.resource.data.numPreguntas == null\n                         || (request.resource.data.numPreguntas is int\n                             && request.resource.data.numPreguntas > 0\n                             && request.resource.data.numPreguntas <= 360)\n                       )\n                    && (\n                         !('duracionMinutos' in request.resource.data)\n                         || request.resource.data.duracionMinutos == null\n                         || (request.resource.data.duracionMinutos is int\n                             && request.resource.data.duracionMinutos > 0\n                             && request.resource.data.duracionMinutos <= 240)\n                       );\n\n      // Actualizar examen (activar/desactivar/cerrar, editar título, etc.):\n      // solo el profesor dueño o un admin, y el estado debe seguir siendo válido.\n      allow update: if (esAdmin() || esCreadorDelExamen(resource.data.profesorId))\n                    && request.resource.data.estado in ['inactivo', 'activo', 'cerrado'];\n\n      allow delete: if esAdmin() || esCreadorDelExamen(resource.data.profesorId);\n\n      // ============================================\n      // INTENTOS (subcolección: un doc por estudiante)\n      // ============================================\n      match /intentos/{estudianteUid} {\n        allow read: if request.auth.uid == estudianteUid || esProfesor() || esAdmin();\n\n        // El estudiante crea su propio intento al entrar por primera vez.\n        allow create: if request.auth.uid == estudianteUid\n                      && request.resource.data.estado == 'no_iniciado';\n\n        // El estudiante puede actualizar su propio intento (autoguardado de\n        // respuestas, o auto-bloquearse al detectar fraude) MIENTRAS no esté\n        // ya bloqueado — desbloquear es exclusivo del profesor/admin.\n        allow update: if (request.auth.uid == estudianteUid && resource.data.estado != 'bloqueado')\n                      || esProfesor()\n                      || esAdmin();\n      }\n    }\n  }\n}\n","name":"firestore.rules"}]},"createTime":"2026-07-11T16:47:23.453823Z","metadata":{"services":["cloud.firestore"]}}
[debug] [2026-07-11T16:47:21.978Z] [rules] created ruleset projects/evaluaseguro-31c51/rulesets/5deece3f-4443-4eb7-a524-c3567c51c4d7
[debug] [2026-07-11T16:47:21.979Z] [rules] releasing cloud.firestore with ruleset projects/evaluaseguro-31c51/rulesets/5deece3f-4443-4eb7-a524-c3567c51c4d7
[debug] [2026-07-11T16:47:21.979Z] Checked if tokens are valid: true, expires at: 1783789406794
[debug] [2026-07-11T16:47:21.979Z] Checked if tokens are valid: true, expires at: 1783789406794
[debug] [2026-07-11T16:47:21.979Z] >>> [apiv2][query] PATCH https://firebaserules.googleapis.com/v1/projects/evaluaseguro-31c51/releases/cloud.firestore [none]
[debug] [2026-07-11T16:47:21.979Z] >>> [apiv2][body] PATCH https://firebaserules.googleapis.com/v1/projects/evaluaseguro-31c51/releases/cloud.firestore {"release":{"name":"projects/evaluaseguro-31c51/releases/cloud.firestore","rulesetName":"projects/evaluaseguro-31c51/rulesets/5deece3f-4443-4eb7-a524-c3567c51c4d7"}}
[debug] [2026-07-11T16:47:22.390Z] <<< [apiv2][status] PATCH https://firebaserules.googleapis.com/v1/projects/evaluaseguro-31c51/releases/cloud.firestore 200
